[debug] [2023-07-05T19:49:45.613Z] ----------------------------------------------------------------------
[debug] [2023-07-05T19:49:45.615Z] Command:       C:\Program Files\nodejs\node.exe C:\Users\MAHESHIKA\AppData\Roaming\npm\node_modules\firebase-tools\lib\bin\firebase.js init
[debug] [2023-07-05T19:49:45.615Z] CLI Version:   12.4.2
[debug] [2023-07-05T19:49:45.616Z] Platform:      win32
[debug] [2023-07-05T19:49:45.616Z] Node Version:  v18.14.2
[debug] [2023-07-05T19:49:45.616Z] Time:          Thu Jul 06 2023 01:19:45 GMT+0530 (India Standard Time)
[debug] [2023-07-05T19:49:45.617Z] ----------------------------------------------------------------------
[debug] 
[debug] [2023-07-05T19:49:45.622Z] > command requires scopes: ["email","openid","https://www.googleapis.com/auth/cloudplatformprojects.readonly","https://www.googleapis.com/auth/firebase","https://www.googleapis.com/auth/cloud-platform"]
[debug] [2023-07-05T19:49:45.622Z] > authorizing via signed-in user (maheshikasm44@gmail.com)
[info] 
     ######## #### ########  ######## ########     ###     ######  ########
     ##        ##  ##     ## ##       ##     ##  ##   ##  ##       ##
     ######    ##  ########  ######   ########  #########  ######  ######
     ##        ##  ##    ##  ##       ##     ## ##     ##       ## ##
     ##       #### ##     ## ######## ########  ##     ##  ######  ########

You're about to initialize a Firebase project in this directory:

  D:\React\_HND Finale Project\Dash Journal\dash-journal

[info] 
=== Project Setup
[info] 
[info] First, let's associate this project directory with a Firebase project.
[info] You can create multiple project aliases by running firebase use --add, 
[info] but for now we'll just set up a default project.
[info] 
[debug] [2023-07-05T19:50:00.790Z] > refreshing access token with scopes: []
[debug] [2023-07-05T19:50:00.792Z] >>> [apiv2][query] POST https://www.googleapis.com/oauth2/v3/token [none]
[debug] [2023-07-05T19:50:00.792Z] >>> [apiv2][body] POST https://www.googleapis.com/oauth2/v3/token [omitted]
[debug] [2023-07-05T19:50:01.252Z] <<< [apiv2][status] POST https://www.googleapis.com/oauth2/v3/token 200
[debug] [2023-07-05T19:50:01.252Z] <<< [apiv2][body] POST https://www.googleapis.com/oauth2/v3/token [omitted]
[debug] [2023-07-05T19:50:01.353Z] >>> [apiv2][query] GET https://firebase.googleapis.com/v1beta1/projects pageSize=100
[debug] [2023-07-05T19:50:02.616Z] <<< [apiv2][status] GET https://firebase.googleapis.com/v1beta1/projects 200
[debug] [2023-07-05T19:50:02.617Z] <<< [apiv2][body] GET https://firebase.googleapis.com/v1beta1/projects [omitted]
[info] i  Using project dash-journal (dash-journal) 
[info] 
=== Hosting Setup
[info] 
[info] Your public directory is the folder (relative to your project directory) that
[info] will contain Hosting assets to be uploaded with firebase deploy. If you
[info] have a build process for your assets, use your build's output directory.
[info] 
